# JRE version: OpenJDK Runtime Environment (Zulu 8.52.0.23-CA-linux64) (8.0_282-b08) (build 1.8.0_282-b08)
# Java VM: OpenJDK 64-Bit Server VM (25.282-b08 mixed mode linux-amd64 compressed oops)
Heap:
 PSYoungGen      total 492032K, used 26807K [0x00000000d5580000, 0x00000000f5280000, 0x0000000100000000)
  eden space 462848K, 0% used [0x00000000d5580000,0x00000000d5580000,0x00000000f1980000)
  from space 29184K, 91% used [0x00000000f1980000,0x00000000f33adec0,0x00000000f3600000)
  to   space 26112K, 0% used [0x00000000f3800000,0x00000000f3800000,0x00000000f5180000)
 ParOldGen       total 262144K, used 157853K [0x0000000080000000, 0x0000000090000000, 0x00000000d5580000)
  object space 262144K, 60% used [0x0000000080000000,0x0000000089a274f0,0x0000000090000000)
 Metaspace       used 104319K, capacity 108314K, committed 108544K, reserved 1142784K
  class space    used 13455K, capacity 14234K, committed 14336K, reserved 1048576K
GC Heap History (10 events):
Event: 93.039 GC heap after
Heap after GC invocations=23 (full 4):
 PSYoungGen      total 292864K, used 1505K [0x00000000d5580000, 0x00000000ee000000, 0x0000000100000000)
  eden space 272384K, 0% used [0x00000000d5580000,0x00000000d5580000,0x00000000e5f80000)
  from space 20480K, 7% used [0x00000000e5f80000,0x00000000e60f8580,0x00000000e7380000)
  to   space 28672K, 0% used [0x00000000ec400000,0x00000000ec400000,0x00000000ee000000)
 ParOldGen       total 126976K, used 75214K [0x0000000080000000, 0x0000000087c00000, 0x00000000d5580000)
  object space 126976K, 59% used [0x0000000080000000,0x0000000084973840,0x0000000087c00000)
 Metaspace       used 77969K, capacity 81362K, committed 81920K, reserved 1120256K
  class space    used 10456K, capacity 11105K, committed 11264K, reserved 1048576K
}
Event: 95.357 GC heap before
{Heap before GC invocations=24 (full 4):
 PSYoungGen      total 292864K, used 273875K [0x00000000d5580000, 0x00000000ee000000, 0x0000000100000000)
  eden space 272384K, 99% used [0x00000000d5580000,0x00000000e5f7c950,0x00000000e5f80000)
  from space 20480K, 7% used [0x00000000e5f80000,0x00000000e60f8580,0x00000000e7380000)
  to   space 28672K, 0% used [0x00000000ec400000,0x00000000ec400000,0x00000000ee000000)
 ParOldGen       total 126976K, used 75230K [0x0000000080000000, 0x0000000087c00000, 0x00000000d5580000)
  object space 126976K, 59% used [0x0000000080000000,0x0000000084977bd0,0x0000000087c00000)
 Metaspace       used 79750K, capacity 83164K, committed 83584K, reserved 1122304K
  class space    used 10655K, capacity 11300K, committed 11392K, reserved 1048576K
Event: 98.395 GC heap after
Heap after GC invocations=24 (full 4):
 PSYoungGen      total 376320K, used 9348K [0x00000000d5580000, 0x00000000ef780000, 0x0000000100000000)
  eden space 347648K, 0% used [0x00000000d5580000,0x00000000d5580000,0x00000000ea900000)
  from space 28672K, 32% used [0x00000000ec400000,0x00000000ecd210a0,0x00000000ee000000)
  to   space 27648K, 0% used [0x00000000ea900000,0x00000000ea900000,0x00000000ec400000)
 ParOldGen       total 270848K, used 264080K [0x0000000080000000, 0x0000000090880000, 0x00000000d5580000)
  object space 270848K, 97% used [0x0000000080000000,0x00000000901e4000,0x0000000090880000)
 Metaspace       used 79750K, capacity 83164K, committed 83584K, reserved 1122304K
  class space    used 10655K, capacity 11300K, committed 11392K, reserved 1048576K
}
Event: 98.395 GC heap before
{Heap before GC invocations=25 (full 5):
 PSYoungGen      total 376320K, used 9348K [0x00000000d5580000, 0x00000000ef780000, 0x0000000100000000)
  eden space 347648K, 0% used [0x00000000d5580000,0x00000000d5580000,0x00000000ea900000)
  from space 28672K, 32% used [0x00000000ec400000,0x00000000ecd210a0,0x00000000ee000000)
  to   space 27648K, 0% used [0x00000000ea900000,0x00000000ea900000,0x00000000ec400000)
 ParOldGen       total 270848K, used 264080K [0x0000000080000000, 0x0000000090880000, 0x00000000d5580000)
  object space 270848K, 97% used [0x0000000080000000,0x00000000901e4000,0x0000000090880000)
 Metaspace       used 79750K, capacity 83164K, committed 83584K, reserved 1122304K
  class space    used 10655K, capacity 11300K, committed 11392K, reserved 1048576K
Event: 98.648 GC heap after
Heap after GC invocations=25 (full 5):
 PSYoungGen      total 376320K, used 0K [0x00000000d5580000, 0x00000000ef780000, 0x0000000100000000)
  eden space 347648K, 0% used [0x00000000d5580000,0x00000000d5580000,0x00000000ea900000)
  from space 28672K, 0% used [0x00000000ec400000,0x00000000ec400000,0x00000000ee000000)
  to   space 27648K, 0% used [0x00000000ea900000,0x00000000ea900000,0x00000000ec400000)
 ParOldGen       total 262144K, used 141382K [0x0000000080000000, 0x0000000090000000, 0x00000000d5580000)
  object space 262144K, 53% used [0x0000000080000000,0x0000000088a11880,0x0000000090000000)
 Metaspace       used 79750K, capacity 83164K, committed 83584K, reserved 1122304K
  class space    used 10655K, capacity 11300K, committed 11392K, reserved 1048576K
}
Event: 122.228 GC heap before
{Heap before GC invocations=26 (full 5):
 PSYoungGen      total 376320K, used 347648K [0x00000000d5580000, 0x00000000ef780000, 0x0000000100000000)
  eden space 347648K, 100% used [0x00000000d5580000,0x00000000ea900000,0x00000000ea900000)
  from space 28672K, 0% used [0x00000000ec400000,0x00000000ec400000,0x00000000ee000000)
  to   space 27648K, 0% used [0x00000000ea900000,0x00000000ea900000,0x00000000ec400000)
 ParOldGen       total 262144K, used 141391K [0x0000000080000000, 0x0000000090000000, 0x00000000d5580000)
  object space 262144K, 53% used [0x0000000080000000,0x0000000088a13f60,0x0000000090000000)
 Metaspace       used 88792K, capacity 92274K, committed 92416K, reserved 1130496K
  class space    used 11616K, capacity 12277K, committed 12288K, reserved 1048576K
Event: 122.264 GC heap after
Heap after GC invocations=26 (full 5):
 PSYoungGen      total 375296K, used 10896K [0x00000000d5580000, 0x00000000f5180000, 0x0000000100000000)
  eden space 347648K, 0% used [0x00000000d5580000,0x00000000d5580000,0x00000000ea900000)
  from space 27648K, 39% used [0x00000000ea900000,0x00000000eb3a4198,0x00000000ec400000)
  to   space 26112K, 0% used [0x00000000f3800000,0x00000000f3800000,0x00000000f5180000)
 ParOldGen       total 262144K, used 141418K [0x0000000080000000, 0x0000000090000000, 0x00000000d5580000)
  object space 262144K, 53% used [0x0000000080000000,0x0000000088a1ab90,0x0000000090000000)
 Metaspace       used 88792K, capacity 92274K, committed 92416K, reserved 1130496K
  class space    used 11616K, capacity 12277K, committed 12288K, reserved 1048576K
}
Event: 152.399 GC heap before
{Heap before GC invocations=27 (full 5):
 PSYoungGen      total 375296K, used 358544K [0x00000000d5580000, 0x00000000f5180000, 0x0000000100000000)
  eden space 347648K, 100% used [0x00000000d5580000,0x00000000ea900000,0x00000000ea900000)
  from space 27648K, 39% used [0x00000000ea900000,0x00000000eb3a4198,0x00000000ec400000)
  to   space 26112K, 0% used [0x00000000f3800000,0x00000000f3800000,0x00000000f5180000)
 ParOldGen       total 262144K, used 141418K [0x0000000080000000, 0x0000000090000000, 0x00000000d5580000)
  object space 262144K, 53% used [0x0000000080000000,0x0000000088a1ab90,0x0000000090000000)
 Metaspace       used 94639K, capacity 98366K, committed 98560K, reserved 1134592K
  class space    used 12341K, capacity 13039K, committed 13056K, reserved 1048576K
Event: 152.451 GC heap after
Heap after GC invocations=27 (full 5):
 PSYoungGen      total 488960K, used 23212K [0x00000000d5580000, 0x00000000f5280000, 0x0000000100000000)
  eden space 462848K, 0% used [0x00000000d5580000,0x00000000d5580000,0x00000000f1980000)
  from space 26112K, 88% used [0x00000000f3800000,0x00000000f4eab340,0x00000000f5180000)
  to   space 29184K, 0% used [0x00000000f1980000,0x00000000f1980000,0x00000000f3600000)
 ParOldGen       total 262144K, used 145082K [0x0000000080000000, 0x0000000090000000, 0x00000000d5580000)
  object space 262144K, 55% used [0x0000000080000000,0x0000000088dae880,0x0000000090000000)
 Metaspace       used 94639K, capacity 98366K, committed 98560K, reserved 1134592K
  class space    used 12341K, capacity 13039K, committed 13056K, reserved 1048576K
}
Event: 531.769 GC heap before
{Heap before GC invocations=28 (full 5):
 PSYoungGen      total 488960K, used 486060K [0x00000000d5580000, 0x00000000f5280000, 0x0000000100000000)
  eden space 462848K, 100% used [0x00000000d5580000,0x00000000f1980000,0x00000000f1980000)
  from space 26112K, 88% used [0x00000000f3800000,0x00000000f4eab340,0x00000000f5180000)
  to   space 29184K, 0% used [0x00000000f1980000,0x00000000f1980000,0x00000000f3600000)
 ParOldGen       total 262144K, used 145082K [0x0000000080000000, 0x0000000090000000, 0x00000000d5580000)
  object space 262144K, 55% used [0x0000000080000000,0x0000000088dae880,0x0000000090000000)
 Metaspace       used 104319K, capacity 108314K, committed 108544K, reserved 1142784K
  class space    used 13455K, capacity 14234K, committed 14336K, reserved 1048576K

